SF:lib\pages\dashboard_anggota_page.dart
DA:8,3
DA:10,2
DA:12,2
DA:14,2
DA:15,2
DA:17,2
DA:25,2
DA:27,2
DA:28,2
DA:29,2
DA:35,2
DA:37,2
DA:47,2
DA:48,0
DA:49,0
DA:51,0
DA:65,2
DA:66,2
DA:68,2
DA:70,2
DA:72,2
DA:73,2
DA:79,2
DA:111,2
DA:113,2
DA:115,2
DA:116,2
DA:117,2
DA:118,2
DA:150,2
DA:151,2
DA:152,2
DA:153,2
DA:160,2
DA:161,2
DA:172,2
DA:174,2
DA:182,2
DA:183,0
DA:184,0
DA:186,0
DA:188,0
DA:206,2
DA:212,2
DA:218,2
DA:230,2
DA:233,2
DA:235,2
DA:236,2
DA:237,2
DA:243,2
DA:245,2
DA:247,2
DA:248,0
DA:249,0
DA:251,0
DA:253,0
DA:273,2
DA:278,2
DA:279,2
DA:281,2
DA:282,2
DA:283,2
DA:284,2
DA:291,2
DA:293,2
DA:294,2
DA:299,2
DA:313,2
DA:319,2
DA:322,2
DA:324,2
DA:325,2
DA:326,2
DA:327,2
DA:333,2
DA:335,2
DA:336,2
DA:337,2
DA:338,2
DA:339,2
DA:347,2
DA:349,2
DA:350,2
DA:354,2
DA:362,2
LF:86
LH:75
end_of_record
SF:lib\pages\laporan_anggota_page.dart
DA:10,5
DA:12,3
DA:13,1
DA:20,1
DA:22,1
DA:24,1
DA:26,1
DA:32,1
DA:33,1
DA:37,1
DA:39,1
DA:41,1
DA:43,1
DA:44,1
DA:45,1
DA:47,1
DA:48,1
DA:52,1
DA:61,1
DA:62,1
DA:63,1
DA:65,1
DA:66,1
DA:70,1
DA:84,1
DA:85,1
DA:88,1
DA:95,1
DA:97,1
DA:109,1
DA:110,1
DA:111,1
DA:112,1
DA:113,1
DA:114,1
DA:115,1
DA:116,1
DA:117,1
DA:118,1
DA:134,1
DA:140,1
DA:141,1
DA:142,1
DA:145,1
DA:148,1
DA:149,1
DA:150,1
DA:156,1
DA:157,1
DA:160,1
DA:161,1
DA:162,1
DA:165,1
DA:168,1
DA:169,1
DA:175,1
DA:177,1
DA:183,1
DA:188,1
DA:190,1
DA:192,1
DA:193,1
DA:194,1
DA:195,1
DA:201,1
DA:202,1
DA:203,1
DA:205,1
DA:213,1
DA:214,1
DA:216,1
DA:217,1
DA:222,1
DA:229,1
LF:74
LH:74
end_of_record
SF:lib\pages\notifikasi_page.dart
DA:5,5
DA:7,1
DA:9,1
DA:11,1
DA:21,1
DA:23,1
DA:24,1
DA:25,1
DA:30,1
DA:35,1
DA:40,1
DA:51,1
DA:52,1
DA:54,1
DA:56,1
DA:58,1
DA:60,1
DA:61,1
DA:69,1
DA:79,1
DA:80,1
DA:82,1
DA:84,1
DA:85,1
DA:86,1
DA:87,1
DA:93,1
DA:95,1
DA:96,1
DA:104,1
LF:30
LH:30
end_of_record
SF:lib\pages\edit_transaksi_page.dart
DA:11,3
DA:16,2
DA:18,3
DA:19,3
DA:28,3
DA:30,3
DA:31,12
DA:32,12
DA:33,12
DA:36,3
DA:38,6
DA:39,6
DA:40,6
DA:41,3
DA:44,1
DA:45,3
DA:46,0
DA:49,0
DA:52,0
DA:53,0
DA:54,0
DA:55,0
DA:62,0
DA:63,0
DA:64,0
DA:66,0
DA:67,0
DA:68,0
DA:69,0
DA:70,0
DA:72,0
DA:75,0
DA:80,0
DA:81,0
DA:82,0
DA:100,0
DA:103,0
DA:104,0
DA:109,0
DA:112,0
DA:114,0
DA:117,0
DA:118,0
DA:120,0
DA:121,0
DA:122,0
DA:123,0
DA:124,0
DA:125,0
DA:137,0
DA:138,0
DA:143,3
DA:145,3
DA:147,3
DA:153,3
DA:155,3
DA:156,3
DA:157,3
DA:159,3
DA:166,3
DA:167,3
DA:168,3
DA:170,1
DA:171,1
DA:183,3
DA:184,3
DA:186,3
DA:188,1
DA:189,1
DA:201,3
DA:202,3
DA:204,3
DA:205,6
DA:212,1
DA:213,1
DA:220,3
DA:221,3
DA:222,3
DA:223,3
DA:225,3
DA:226,3
DA:247,3
DA:248,3
DA:250,3
DA:252,3
DA:253,3
DA:254,6
DA:256,3
DA:257,3
DA:258,6
DA:260,3
DA:261,3
DA:262,3
LF:93
LH:58
end_of_record
SF:lib\pages\laporan_page.dart
DA:11,21
DA:13,3
DA:14,1
DA:21,1
DA:23,1
DA:25,1
DA:27,1
DA:33,1
DA:34,1
DA:38,1
DA:40,1
DA:42,1
DA:43,1
DA:44,0
DA:45,0
DA:47,0
DA:48,0
DA:52,1
DA:59,1
DA:60,0
DA:61,0
DA:63,0
DA:64,0
DA:68,1
DA:82,1
DA:83,1
DA:86,1
DA:93,1
DA:95,1
DA:107,1
DA:108,1
DA:109,1
DA:110,1
DA:111,1
DA:112,1
DA:113,1
DA:115,1
DA:116,1
DA:117,1
DA:133,1
DA:139,1
DA:140,1
DA:141,1
DA:144,1
DA:147,1
DA:148,1
DA:149,1
DA:155,1
DA:156,1
DA:159,1
DA:160,1
DA:161,1
DA:164,1
DA:167,2
DA:172,1
DA:174,1
DA:180,1
DA:186,1
DA:188,1
DA:190,1
DA:191,1
DA:192,1
DA:193,1
DA:199,1
DA:200,1
DA:201,1
DA:203,1
DA:211,1
DA:212,1
DA:214,1
DA:215,1
DA:220,1
DA:227,1
DA:229,1
DA:230,1
DA:234,1
DA:235,1
DA:236,1
DA:238,1
DA:240,2
LF:80
LH:72
end_of_record
SF:lib\pages\laporan_pemasukan_page.dart
DA:8,16
DA:10,1
DA:11,1
DA:25,1
DA:26,1
DA:28,1
DA:29,1
DA:30,1
DA:32,0
DA:33,0
DA:34,0
DA:39,1
DA:41,1
DA:43,1
DA:52,1
DA:54,1
DA:55,1
DA:57,1
DA:59,1
DA:61,1
DA:64,1
DA:66,1
DA:67,1
DA:68,1
DA:75,1
DA:76,1
DA:77,1
DA:90,1
DA:91,1
DA:92,2
DA:94,1
DA:95,1
DA:104,1
DA:105,0
DA:106,0
DA:107,0
DA:110,1
DA:111,3
DA:112,1
DA:113,1
DA:121,1
DA:128,1
DA:129,2
DA:130,1
DA:133,1
DA:135,1
DA:136,1
DA:137,1
DA:144,1
DA:146,1
DA:147,1
DA:148,1
DA:149,6
DA:174,1
DA:176,1
DA:178,1
DA:179,1
DA:180,1
DA:222,1
DA:223,1
DA:224,2
DA:225,1
DA:226,2
DA:227,1
DA:233,1
DA:235,1
DA:236,1
DA:237,1
DA:244,1
DA:245,1
DA:247,1
DA:249,1
DA:268,1
DA:270,1
DA:271,1
DA:272,1
DA:280,1
DA:282,1
DA:284,1
DA:285,1
DA:286,1
DA:287,1
DA:296,1
DA:299,1
DA:300,1
DA:302,1
DA:304,2
DA:305,1
DA:306,1
DA:307,1
DA:309,2
DA:316,1
DA:319,1
DA:320,2
DA:321,2
DA:340,1
DA:355,2
LF:97
LH:91
end_of_record
SF:lib\pages\laporan_pengeluaran_page.dart
DA:8,16
DA:10,1
DA:11,1
DA:25,0
DA:26,0
DA:28,0
DA:29,0
DA:30,0
DA:32,0
DA:33,0
DA:34,0
DA:39,1
DA:41,1
DA:43,1
DA:52,1
DA:54,1
DA:55,1
DA:57,1
DA:59,1
DA:61,1
DA:64,1
DA:66,1
DA:67,1
DA:68,1
DA:75,1
DA:76,1
DA:77,1
DA:90,1
DA:91,1
DA:92,2
DA:94,1
DA:95,1
DA:104,1
DA:105,0
DA:106,0
DA:107,0
DA:110,1
DA:111,3
DA:112,1
DA:113,1
DA:121,1
DA:128,1
DA:129,0
DA:130,1
DA:133,1
DA:135,1
DA:136,1
DA:137,1
DA:144,1
DA:146,1
DA:147,1
DA:148,1
DA:149,6
DA:174,1
DA:176,1
DA:178,1
DA:179,1
DA:180,1
DA:222,1
DA:223,1
DA:224,2
DA:225,1
DA:226,2
DA:227,1
DA:233,1
DA:235,1
DA:236,1
DA:237,1
DA:244,1
DA:245,1
DA:247,1
DA:249,1
DA:268,1
DA:270,1
DA:271,1
DA:272,1
DA:280,1
DA:282,1
DA:284,1
DA:285,1
DA:286,1
DA:287,1
DA:296,1
DA:299,0
DA:300,0
DA:302,0
DA:304,0
DA:305,0
DA:306,0
DA:307,0
DA:309,0
DA:316,1
DA:319,0
DA:320,0
DA:321,0
DA:340,1
DA:355,2
LF:97
LH:74
end_of_record
SF:lib\pages\laporan_pemasukan_anggota_page.dart
DA:6,9
DA:8,2
DA:10,2
DA:25,1
DA:26,1
DA:28,1
DA:29,1
DA:30,1
DA:32,0
DA:33,0
DA:34,0
DA:39,2
DA:41,2
DA:43,2
DA:52,2
DA:54,2
DA:55,2
DA:57,2
DA:59,2
DA:61,2
DA:64,2
DA:66,2
DA:67,2
DA:68,2
DA:75,2
DA:76,2
DA:77,2
DA:90,2
DA:91,2
DA:92,4
DA:94,2
DA:95,2
DA:104,2
DA:105,0
DA:106,0
DA:107,0
DA:110,2
DA:111,6
DA:112,2
DA:113,2
DA:121,2
DA:128,2
DA:129,2
DA:130,2
DA:133,2
DA:135,2
DA:136,2
DA:137,2
DA:144,2
DA:146,2
DA:147,2
DA:148,2
DA:149,12
DA:174,2
DA:176,2
DA:178,2
DA:179,2
DA:180,2
DA:222,2
DA:223,2
DA:224,4
DA:225,2
DA:226,4
DA:227,2
DA:233,2
DA:235,2
DA:236,2
DA:237,2
DA:244,2
DA:245,2
DA:247,2
DA:249,2
DA:268,2
DA:270,2
DA:271,2
DA:272,2
DA:280,2
DA:282,2
DA:284,2
DA:285,2
DA:306,2
DA:321,4
LF:82
LH:76
end_of_record
SF:lib\pages\laporan_pengeluaran_anggota_page.dart
DA:6,9
DA:8,2
DA:10,2
DA:25,0
DA:26,0
DA:28,0
DA:29,0
DA:30,0
DA:33,0
DA:34,0
DA:38,2
DA:40,2
DA:42,2
DA:51,2
DA:53,2
DA:54,2
DA:56,2
DA:58,2
DA:60,2
DA:63,2
DA:65,2
DA:74,2
DA:75,2
DA:76,2
DA:83,2
DA:84,2
DA:85,4
DA:87,2
DA:88,2
DA:96,2
DA:97,0
DA:98,0
DA:99,4
DA:100,2
DA:101,4
DA:102,2
DA:111,2
DA:117,2
DA:118,0
DA:119,2
DA:123,2
DA:125,2
DA:134,2
DA:135,2
DA:136,2
DA:137,2
DA:138,6
DA:163,2
DA:165,2
DA:167,2
DA:211,2
DA:212,2
DA:213,4
DA:214,2
DA:215,4
DA:216,2
DA:220,2
DA:222,2
DA:231,2
DA:232,2
DA:234,2
DA:236,2
DA:256,2
DA:258,2
DA:259,2
DA:260,2
DA:267,2
DA:269,2
DA:271,2
DA:272,2
LF:70
LH:60
end_of_record
SF:lib\pages\dashboard_page.dart
DA:9,4
DA:11,2
DA:13,2
DA:15,2
DA:16,2
DA:18,2
DA:26,2
DA:28,2
DA:29,2
DA:30,2
DA:50,2
DA:51,2
DA:53,2
DA:55,2
DA:57,2
DA:58,2
DA:64,2
DA:96,2
DA:98,2
DA:100,2
DA:101,2
DA:102,2
DA:103,2
DA:135,2
DA:136,2
DA:137,2
DA:138,2
DA:145,2
DA:146,2
DA:157,2
DA:159,2
DA:167,2
DA:168,0
DA:169,0
DA:171,0
DA:172,0
DA:189,2
DA:196,2
DA:203,2
DA:216,2
DA:219,2
DA:221,2
DA:222,2
DA:223,2
DA:229,2
DA:231,2
DA:233,2
DA:234,0
DA:235,0
DA:237,0
DA:249,2
DA:250,0
DA:251,0
DA:253,0
DA:254,0
DA:273,2
DA:278,2
DA:279,2
DA:281,2
DA:282,2
DA:283,2
DA:284,2
DA:291,2
DA:293,2
DA:294,2
DA:299,2
DA:313,2
DA:320,2
DA:323,2
DA:325,2
DA:326,2
DA:327,2
DA:328,2
DA:334,2
DA:336,2
DA:337,2
DA:338,2
DA:339,2
DA:340,2
DA:348,2
DA:350,2
DA:351,2
DA:355,2
DA:363,2
DA:364,2
DA:365,2
DA:375,2
DA:376,0
DA:377,0
DA:379,0
DA:381,0
LF:91
LH:76
end_of_record
SF:lib\models\transaction_model.dart
DA:9,1
LF:1
LH:1
end_of_record
SF:lib\pages\input_transaksi_page.dart
DA:12,7
DA:14,1
DA:15,1
DA:25,1
DA:27,2
DA:28,2
DA:29,1
DA:32,0
DA:33,0
DA:34,0
DA:35,0
DA:36,0
DA:37,0
DA:39,0
DA:42,1
DA:43,3
DA:46,5
DA:48,4
DA:50,1
DA:51,1
DA:52,3
DA:54,1
DA:55,1
DA:58,3
DA:60,2
DA:61,2
DA:62,2
DA:63,2
DA:64,1
DA:67,1
DA:68,1
DA:69,2
DA:73,1
DA:79,1
DA:81,1
DA:85,1
DA:87,1
DA:88,1
DA:89,1
DA:90,1
DA:91,1
DA:96,1
DA:97,1
DA:98,1
DA:104,1
DA:106,1
DA:117,1
DA:118,1
DA:119,1
DA:121,1
DA:122,1
DA:123,1
DA:124,1
DA:135,1
DA:137,1
DA:139,1
DA:152,1
DA:154,1
DA:156,1
DA:158,1
DA:159,1
DA:160,1
DA:163,2
DA:164,4
DA:166,1
DA:169,2
DA:170,0
DA:176,1
DA:177,1
DA:178,1
DA:179,1
DA:180,1
DA:186,1
DA:187,1
DA:188,1
DA:194,1
DA:195,2
DA:206,1
DA:207,1
DA:208,1
DA:216,1
DA:217,2
DA:220,1
DA:221,2
DA:223,1
DA:236,1
DA:237,1
DA:238,1
DA:239,1
DA:241,1
DA:243,1
DA:244,1
DA:245,3
DA:257,1
DA:258,1
DA:259,1
DA:260,1
DA:266,1
DA:267,1
DA:270,1
LF:100
LH:92
end_of_record
SF:lib\providers\finance_provider.dart
DA:9,0
DA:10,0
DA:12,0
DA:13,0
DA:14,0
DA:16,0
DA:17,0
DA:18,0
DA:20,0
DA:22,1
DA:23,2
DA:24,1
DA:27,0
DA:28,0
DA:29,0
DA:32,0
DA:33,0
DA:34,0
LF:18
LH:3
end_of_record
SF:lib\pages\sukses_page.dart
DA:5,7
DA:7,2
DA:9,2
DA:11,2
DA:12,2
DA:13,2
DA:15,2
DA:17,2
DA:19,2
DA:22,2
DA:23,2
DA:24,2
DA:61,2
DA:62,1
DA:63,4
DA:65,2
DA:71,2
DA:72,2
LF:18
LH:18
end_of_record
SF:lib\pages\get_started_page.dart
DA:6,2
DA:8,2
DA:10,2
DA:12,2
DA:13,2
DA:15,2
DA:17,2
DA:18,2
DA:37,2
DA:39,1
DA:40,1
DA:45,2
DA:46,2
DA:47,2
LF:14
LH:14
end_of_record
SF:lib\widgets\custom_button.dart
DA:12,3
DA:23,3
DA:25,3
DA:26,3
DA:27,3
DA:28,6
DA:30,3
DA:31,1
DA:32,1
DA:33,1
DA:39,3
DA:41,3
DA:42,6
DA:43,3
DA:44,3
DA:45,3
DA:46,3
DA:47,3
DA:49,3
DA:50,3
LF:20
LH:20
end_of_record
SF:lib\pages\login_page.dart
DA:8,2
DA:10,1
DA:11,1
DA:18,1
DA:19,3
DA:20,3
DA:23,2
DA:24,1
DA:25,1
DA:26,2
DA:28,2
DA:29,1
DA:30,1
DA:31,2
DA:34,3
DA:40,1
DA:42,1
DA:44,1
DA:45,1
DA:47,1
DA:48,1
DA:49,1
DA:50,1
DA:51,1
DA:64,1
DA:65,1
DA:66,1
DA:70,1
DA:71,1
DA:81,1
DA:82,1
DA:84,1
DA:88,1
DA:89,1
DA:99,1
DA:101,1
DA:108,1
DA:109,0
LF:38
LH:37
end_of_record
SF:lib\main.dart
DA:12,0
DA:13,0
DA:14,0
DA:18,2
DA:20,1
DA:23,1
DA:24,0
DA:25,1
DA:28,1
DA:30,1
DA:34,1
DA:35,1
DA:36,0
DA:37,0
DA:38,0
DA:39,0
LF:16
LH:8
end_of_record
